<?xml version="1.0" encoding="UTF-8"?>
<!-- Generated by org.testng.reporters.JUnitReportReporter -->
<testsuite hostname="DESKTOP-VVNLH94" name="unittest.UtilidadesTest" tests="3" failures="0" timestamp="25 Jul 2017 20:23:10 GMT" time="0.042" errors="0">
  <testcase name="testExtraerNumero" time="0.032" classname="unittest.UtilidadesTest"/>
  <testcase name="testDivision" time="0.010" classname="unittest.UtilidadesTest"/>
  <testcase name="testDivisionConCero" time="0.000" classname="unittest.UtilidadesTest"/>
</testsuite> <!-- unittest.UtilidadesTest -->
